%!Adobe-FontList 1.13
%Locale:0x340a

%BeginFont
Handler:DirectoryHandler
FontType:Invalid
OutlineFileName:C:\xampp\htdocs\cossio\Font\bebas__-webfont.eot
FileModTime:1334342344
%EndFont

%BeginFont
Handler:DirectoryHandler
FontType:Invalid
OutlineFileName:C:\xampp\htdocs\cossio\Font\bebas__-webfont.svg
FileModTime:1334342346
%EndFont

%BeginFont
Handler:DirectoryHandler
FontType:TrueType
FontName:Bebas
FamilyName:Bebas
StyleName:Regular
FullName:Bebas Regular
MenuName:Bebas
StyleBits:0
WritingScript:Roman
OutlineFileName:C:\xampp\htdocs\cossio\Font\bebas__-webfont.ttf
DataFormat:sfntData
FileLength:25112
FileModTime:1334342344
WeightClass:400
WidthClass:5
AngleClass:0
%EndFont

%BeginFont
Handler:DirectoryHandler
FontType:Invalid
OutlineFileName:C:\xampp\htdocs\cossio\Font\bebas__-webfont.woff
FileModTime:1334342346
%EndFont

